<?xml version="1.0" encoding="UTF-8"?>
<!-- Generated by org.testng.reporters.JUnitReportReporter -->
<testsuite hostname="DESKTOP-GE2615R" failures="0" tests="1" name="Test.EmployeeloginTest" time="39.948" errors="0" timestamp="2023-06-09T23:26:54 IST" skipped="0">
  <testcase classname="Test.EmployeeloginTest" name="test" time="39.948"/>
  <system-out/>
</testsuite> <!-- Test.EmployeeloginTest -->
