<?xml version="1.0" encoding="UTF-8"?>
<!-- Generated by org.testng.reporters.JUnitReportReporter -->
<testsuite hostname="DESKTOP-GE2615R" failures="0" tests="1" name="Test.SearchTest" time="96.710" errors="0" timestamp="2023-06-09T22:46:41 IST" skipped="0">
  <testcase classname="Test.SearchTest" name="test" time="96.710"/>
  <system-out/>
</testsuite> <!-- Test.SearchTest -->
