<?xml version="1.0" encoding="UTF-8"?>
<!-- Generated by org.testng.reporters.JUnitReportReporter -->
<testsuite hostname="DESKTOP-GE2615R" failures="0" tests="1" name="Test.OurserviceTest" time="26.178" errors="0" timestamp="2023-05-28T16:07:39 IST" skipped="0">
  <testcase classname="Test.OurserviceTest" name="test" time="26.178"/>
  <system-out/>
</testsuite> <!-- Test.OurserviceTest -->
