<?xml version="1.0" encoding="UTF-8"?>
<!-- Generated by org.testng.reporters.JUnitReportReporter -->
<testsuite hostname="DESKTOP-GE2615R" failures="0" tests="1" name="Test.HomePageTest" time="391.738" errors="0" timestamp="2023-06-10T00:40:30 IST" skipped="0">
  <testcase classname="Test.HomePageTest" name="test" time="391.738"/>
  <system-out/>
</testsuite> <!-- Test.HomePageTest -->
