<?xml version="1.0" encoding="UTF-8"?>
<!-- Generated by org.testng.reporters.JUnitReportReporter -->
<testsuite hostname="DESKTOP-GE2615R" failures="0" tests="1" name="Test.SeekerregisterTest" time="62.424" errors="0" timestamp="2023-06-09T22:50:50 IST" skipped="0">
  <testcase classname="Test.SeekerregisterTest" name="test" time="62.424"/>
  <system-out/>
</testsuite> <!-- Test.SeekerregisterTest -->
