<?xml version="1.0" encoding="UTF-8"?>
<!-- Generated by org.testng.reporters.JUnitReportReporter -->
<testsuite hostname="DESKTOP-GE2615R" failures="0" tests="1" name="Test.TrainingTest" time="31.087" errors="0" timestamp="2023-05-28T17:21:54 IST" skipped="0">
  <testcase classname="Test.TrainingTest" name="test" time="31.087"/>
  <system-out/>
</testsuite> <!-- Test.TrainingTest -->
