<?xml version="1.0" encoding="UTF-8"?>
<!-- Generated by org.testng.reporters.JUnitReportReporter -->
<testsuite hostname="DESKTOP-GE2615R" failures="0" tests="1" name="Test.TipnServiceTest" time="15.045" errors="0" timestamp="2023-05-28T14:11:30 IST" skipped="0">
  <testcase classname="Test.TipnServiceTest" name="test" time="15.045"/>
  <system-out/>
</testsuite> <!-- Test.TipnServiceTest -->
