<?xml version="1.0" encoding="UTF-8"?>
<!-- Generated by org.testng.reporters.JUnitReportReporter -->
<testsuite hostname="DESKTOP-GE2615R" failures="0" tests="1" name="Test.JobseekerloginTest" time="40.600" errors="0" timestamp="2023-06-09T22:15:38 IST" skipped="0">
  <testcase classname="Test.JobseekerloginTest" name="test" time="40.600"/>
  <system-out/>
</testsuite> <!-- Test.JobseekerloginTest -->
