<?xml version="1.0" encoding="UTF-8"?>
<!-- Generated by org.testng.reporters.JUnitReportReporter -->
<testsuite hostname="DESKTOP-GE2615R" failures="0" tests="1" name="Test.ContactusTest" time="38.901" errors="0" timestamp="2023-05-28T16:51:53 IST" skipped="0">
  <testcase classname="Test.ContactusTest" name="test" time="38.901"/>
  <system-out/>
</testsuite> <!-- Test.ContactusTest -->
